Got section: GLOBALS
Got section: TRANSDECODER_LONGORF
Got section: TRANSDECODER_PREDICT
Got section: BLASTX_SPROT_TRANS
Got section: BLASTX_SPROT_PEP
Got section: PFAM
Got section: SIGNALP
Got section: TMHMM
Got section: RNAMMER
Got section: TRINOTATE_INIT
Got section: TRINOTATE_LOAD_SPROT_BLASTX
Got section: TRINOTATE_LOAD_SPROT_BLASTP
Got section: TRINOTATE_LOAD_PFAM
Got section: TRINOTATE_LOAD_RNAMMER
Got section: TRINOTATE_LOAD_TMHMM
Got section: TRINOTATE_LOAD_SIGNALP
Got section: TRINOTATE_REPORT
Got section: EXTRACT_GO
Got section: NAME_UPDATES
-- Skipping CMD: ~/programi/transdecoder/current/TransDecoder.LongOrfs -t trx.fa, checkpoint exists.
-- Skipping CMD: ~/programi/transdecoder/current/TransDecoder.Predict -t trx.fa --cpu 32, checkpoint exists.
-- Skipping CMD: blastx -db ~/programi/Trinotate/current/admin/uniprot_sprot.pep -query trx.fa -num_threads 32 -max_target_seqs 1 -outfmt 6 -evalue 1e-5 > swissprot.blastx.outfmt6, checkpoint exists.
-- Skipping CMD: blastp -query trx.fa.transdecoder.pep -db ~/programi/Trinotate/current/admin/uniprot_sprot.pep -num_threads 32 -max_target_seqs 1 -outfmt 6 -evalue 1e-5 > swissprot.blastp.outfmt6, checkpoint exists.
-- Skipping CMD: hmmscan --cpu 32 --domtblout TrinotatePFAM.out ~/programi/Trinotate/current/admin/Pfam-A.hmm trx.fa.transdecoder.pep > pfam.log, checkpoint exists.
* Running CMD: /home/CINVESTAV/hpc-cesare-ovando/programi/Trinotate/versions/Trinotate-Trinotate-v3.1.1/auto/..//Trinotate /home/CINVESTAV/hpc-cesare-ovando/programi/Trinotate/current/admin/Trinotate.sqlite init --gene_trans_map gene_trans_map --transcript_fasta trx.fa --transdecoder_pep trx.fa.transdecoder.pep
CONF_TEXT:
[GLOBALS]
TRANSDECODER_DIR=~/programi/transdecoder/current
BLASTX_PROG=blastx
BLASTP_PROG=blastp
SIGNALP_PROG=signalp
TMHMM_PROG=tmhmm
RNAMMER_TRANS_PROG=~/programi/Trinotate/current/util/rnammer_support/RnammerTranscriptome.pl
RNAMMER=~/programi/RNAmmer/current/rnammer
HMMSCAN_PROG=hmmscan
SWISSPROT_PEP=~/programi/Trinotate/current/admin/uniprot_sprot.pep
PFAM_DB=~/programi/Trinotate/current/admin/Pfam-A.hmm
[TRANSDECODER_LONGORF]
RANK=100
RUN=T
CMD={__TRANSDECODER_DIR__}/TransDecoder.LongOrfs -t {__TRANSCRIPTS_FASTA__}
[TRANSDECODER_PREDICT]
RANK=101
RUN=T
CMD={__TRANSDECODER_DIR__}/TransDecoder.Predict -t {__TRANSCRIPTS_FASTA__} --cpu {__CPU__}
[BLASTX_SPROT_TRANS]
RANK=200
RUN=T
CMD={__BLASTX_PROG__} -db {__SWISSPROT_PEP__} -query {__TRANSCRIPTS_FASTA__} -num_threads {__CPU__} -max_target_seqs 1 -outfmt 6 -evalue 1e-5 > swissprot.blastx.outfmt6
[BLASTX_SPROT_PEP]
RANK=300
RUN=T
CMD={__BLASTP_PROG__} -query {__TRANSCRIPTS_FASTA__}.transdecoder.pep -db {__SWISSPROT_PEP__} -num_threads {__CPU__} -max_target_seqs 1 -outfmt 6 -evalue 1e-5 > swissprot.blastp.outfmt6
[PFAM]
RANK=400
RUN=T
CMD={__HMMSCAN_PROG__} --cpu {__CPU__} --domtblout TrinotatePFAM.out {__PFAM_DB__} {__TRANSCRIPTS_FASTA__}.transdecoder.pep > pfam.log
[SIGNALP]
RANK=500
RUN=F
CMD={__SIGNALP_PROG__} -f short -n signalp.out {__TRANSCRIPTS_FASTA__}.transdecoder.pep > sigP.log
[TMHMM]
RANK=600
RUN=F
CMD={__TMHMM_PROG__} --short < {__TRANSCRIPTS_FASTA__}.transdecoder.pep > tmhmm.out
[RNAMMER]
RANK=700
RUN=F
CMD={__RNAMMER_TRANS_PROG__} --transcriptome {__TRANSCRIPTS_FASTA__} --path_to_rnammer {__RNAMMER__} 
[TRINOTATE_INIT]
RANK=1100
RUN=T
CMD={__TRINOTATE_HOME__}/Trinotate {__TRINOTATE_SQLITE__} init --gene_trans_map {__GENE_TO_TRANS_MAP__} --transcript_fasta {__TRANSCRIPTS_FASTA__} --transdecoder_pep {__TRANSCRIPTS_FASTA__}.transdecoder.pep
[TRINOTATE_LOAD_SPROT_BLASTX]
RANK=1200
RUN=T
CMD={__TRINOTATE_HOME__}/Trinotate {__TRINOTATE_SQLITE__} LOAD_swissprot_blastx swissprot.blastx.outfmt6 
[TRINOTATE_LOAD_SPROT_BLASTP]
RANK=1300
RUN=T
CMD={__TRINOTATE_HOME__}/Trinotate {__TRINOTATE_SQLITE__} LOAD_swissprot_blastp swissprot.blastp.outfmt6 
[TRINOTATE_LOAD_PFAM]
RANK=1400
RUN=T
CMD={__TRINOTATE_HOME__}/Trinotate {__TRINOTATE_SQLITE__} LOAD_pfam TrinotatePFAM.out
[TRINOTATE_LOAD_RNAMMER]
RANK=1500
RUN=F
CMD={__TRINOTATE_HOME__}/Trinotate {__TRINOTATE_SQLITE__} LOAD_rnammer {__TRANSCRIPTS_FASTA__}.rnammer.gff
[TRINOTATE_LOAD_TMHMM]
RANK=1600
RUN=F
CMD={__TRINOTATE_HOME__}/Trinotate {__TRINOTATE_SQLITE__} LOAD_tmhmm tmhmm.out
[TRINOTATE_LOAD_SIGNALP]
RANK=1700
RUN=F
CMD={__TRINOTATE_HOME__}/Trinotate {__TRINOTATE_SQLITE__} LOAD_signalp signalp.out
[TRINOTATE_REPORT]
RANK=1800
RUN=T
CMD={__TRINOTATE_HOME__}/Trinotate {__TRINOTATE_SQLITE__} report > Trinotate.xls
[EXTRACT_GO]
RANK=1900
RUN=T
CMD={__TRINOTATE_HOME__}/util/extract_GO_assignments_from_Trinotate_xls.pl --Trinotate_xls Trinotate.xls -T -I > Trinotate.xls.gene_ontology
[NAME_UPDATES]
RANK=2000
RUN=T
CMD={__TRINOTATE_HOME__}/util/annotation_importer/import_transcript_names.pl {__TRINOTATE_SQLITE__} Trinotate.xls

[GLOBALS]
TRANSDECODER_DIR=~/programi/transdecoder/current
BLASTX_PROG=blastx
BLASTP_PROG=blastp
SIGNALP_PROG=signalp
TMHMM_PROG=tmhmm
RNAMMER_TRANS_PROG=~/programi/Trinotate/current/util/rnammer_support/RnammerTranscriptome.pl
RNAMMER=~/programi/RNAmmer/current/rnammer
HMMSCAN_PROG=hmmscan
SWISSPROT_PEP=~/programi/Trinotate/current/admin/uniprot_sprot.pep
PFAM_DB=~/programi/Trinotate/current/admin/Pfam-A.hmm
[TRANSDECODER_LONGORF]
RANK=100
RUN=T
CMD={__TRANSDECODER_DIR__}/TransDecoder.LongOrfs -t {__TRANSCRIPTS_FASTA__}
[TRANSDECODER_PREDICT]
RANK=101
RUN=T
CMD={__TRANSDECODER_DIR__}/TransDecoder.Predict -t {__TRANSCRIPTS_FASTA__} --cpu {__CPU__}
[BLASTX_SPROT_TRANS]
RANK=200
RUN=T
CMD={__BLASTX_PROG__} -db {__SWISSPROT_PEP__} -query {__TRANSCRIPTS_FASTA__} -num_threads {__CPU__} -max_target_seqs 1 -outfmt 6 -evalue 1e-5 > swissprot.blastx.outfmt6
[BLASTX_SPROT_PEP]
RANK=300
RUN=T
CMD={__BLASTP_PROG__} -query {__TRANSCRIPTS_FASTA__}.transdecoder.pep -db {__SWISSPROT_PEP__} -num_threads {__CPU__} -max_target_seqs 1 -outfmt 6 -evalue 1e-5 > swissprot.blastp.outfmt6
[PFAM]
RANK=400
RUN=T
CMD={__HMMSCAN_PROG__} --cpu {__CPU__} --domtblout TrinotatePFAM.out {__PFAM_DB__} {__TRANSCRIPTS_FASTA__}.transdecoder.pep > pfam.log
[SIGNALP]
RANK=500
RUN=F
CMD={__SIGNALP_PROG__} -f short -n signalp.out {__TRANSCRIPTS_FASTA__}.transdecoder.pep > sigP.log
[TMHMM]
RANK=600
RUN=F
CMD={__TMHMM_PROG__} --short < {__TRANSCRIPTS_FASTA__}.transdecoder.pep > tmhmm.out
[RNAMMER]
RANK=700
RUN=F
CMD={__RNAMMER_TRANS_PROG__} --transcriptome {__TRANSCRIPTS_FASTA__} --path_to_rnammer {__RNAMMER__} 
[TRINOTATE_INIT]
RANK=1100
RUN=T
CMD={__TRINOTATE_HOME__}/Trinotate {__TRINOTATE_SQLITE__} init --gene_trans_map {__GENE_TO_TRANS_MAP__} --transcript_fasta {__TRANSCRIPTS_FASTA__} --transdecoder_pep {__TRANSCRIPTS_FASTA__}.transdecoder.pep
[TRINOTATE_LOAD_SPROT_BLASTX]
RANK=1200
RUN=T
CMD={__TRINOTATE_HOME__}/Trinotate {__TRINOTATE_SQLITE__} LOAD_swissprot_blastx swissprot.blastx.outfmt6 
[TRINOTATE_LOAD_SPROT_BLASTP]
RANK=1300
RUN=T
CMD={__TRINOTATE_HOME__}/Trinotate {__TRINOTATE_SQLITE__} LOAD_swissprot_blastp swissprot.blastp.outfmt6 
[TRINOTATE_LOAD_PFAM]
RANK=1400
RUN=T
CMD={__TRINOTATE_HOME__}/Trinotate {__TRINOTATE_SQLITE__} LOAD_pfam TrinotatePFAM.out
[TRINOTATE_LOAD_RNAMMER]
RANK=1500
RUN=F
CMD={__TRINOTATE_HOME__}/Trinotate {__TRINOTATE_SQLITE__} LOAD_rnammer {__TRANSCRIPTS_FASTA__}.rnammer.gff
[TRINOTATE_LOAD_TMHMM]
RANK=1600
RUN=F
CMD={__TRINOTATE_HOME__}/Trinotate {__TRINOTATE_SQLITE__} LOAD_tmhmm tmhmm.out
[TRINOTATE_LOAD_SIGNALP]
RANK=1700
RUN=F
CMD={__TRINOTATE_HOME__}/Trinotate {__TRINOTATE_SQLITE__} LOAD_signalp signalp.out
[TRINOTATE_REPORT]
RANK=1800
RUN=T
CMD={__TRINOTATE_HOME__}/Trinotate {__TRINOTATE_SQLITE__} report > Trinotate.xls
[EXTRACT_GO]
RANK=1900
RUN=T
CMD={__TRINOTATE_HOME__}/util/extract_GO_assignments_from_Trinotate_xls.pl --Trinotate_xls Trinotate.xls -T -I > Trinotate.xls.gene_ontology
[NAME_UPDATES]
RANK=2000
RUN=T
CMD={__TRINOTATE_HOME__}/util/annotation_importer/import_transcript_names.pl {__TRINOTATE_SQLITE__} Trinotate.xls
memory
memory
* Running CMD: /home/CINVESTAV/hpc-cesare-ovando/programi/Trinotate/versions/Trinotate-Trinotate-v3.1.1/auto/..//Trinotate /home/CINVESTAV/hpc-cesare-ovando/programi/Trinotate/current/admin/Trinotate.sqlite LOAD_swissprot_blastx swissprot.blastx.outfmt6
memory
* Running CMD: /home/CINVESTAV/hpc-cesare-ovando/programi/Trinotate/versions/Trinotate-Trinotate-v3.1.1/auto/..//Trinotate /home/CINVESTAV/hpc-cesare-ovando/programi/Trinotate/current/admin/Trinotate.sqlite LOAD_swissprot_blastp swissprot.blastp.outfmt6
memory
* Running CMD: /home/CINVESTAV/hpc-cesare-ovando/programi/Trinotate/versions/Trinotate-Trinotate-v3.1.1/auto/..//Trinotate /home/CINVESTAV/hpc-cesare-ovando/programi/Trinotate/current/admin/Trinotate.sqlite LOAD_pfam TrinotatePFAM.out
memory
* Running CMD: /home/CINVESTAV/hpc-cesare-ovando/programi/Trinotate/versions/Trinotate-Trinotate-v3.1.1/auto/..//Trinotate /home/CINVESTAV/hpc-cesare-ovando/programi/Trinotate/current/admin/Trinotate.sqlite report > Trinotate.xls
* Running CMD: /home/CINVESTAV/hpc-cesare-ovando/programi/Trinotate/versions/Trinotate-Trinotate-v3.1.1/auto/..//util/extract_GO_assignments_from_Trinotate_xls.pl --Trinotate_xls Trinotate.xls -T -I > Trinotate.xls.gene_ontology
* Running CMD: /home/CINVESTAV/hpc-cesare-ovando/programi/Trinotate/versions/Trinotate-Trinotate-v3.1.1/auto/..//util/annotation_importer/import_transcript_names.pl /home/CINVESTAV/hpc-cesare-ovando/programi/Trinotate/current/admin/Trinotate.sqlite Trinotate.xls
