
        ==========     _____ _    _ ____  _____  ______          _____  
        =====         / ____| |  | |  _ \|  __ \|  ____|   /\   |  __ \ 
          =====      | (___ | |  | | |_) | |__) | |__     /  \  | |  | |
            ====      \___ \| |  | |  _ <|  _  /|  __|   / /\ \ | |  | |
              ====    ____) | |__| | |_) | | \ \| |____ / ____ \| |__| |
        ==========   |_____/ \____/|____/|_|  \_\______/_/    \_\_____/
	  v1.6.2

//========================== featureCounts setting ===========================\\
||                                                                            ||
||             Input files : 1 BAM file                                       ||
||                           P Slyc_T0h_P1.bam                                ||
||                                                                            ||
||             Output file : Slyc_T0h_P1_exon.tab                             ||
||                 Summary : Slyc_T0h_P1_exon.tab.summary                     ||
||              Annotation : exon.gtf (GTF)                                   ||
||       Junction Counting : <output_file>.jcounts                            ||
||      Dir for temp files : featureCounts                                    ||
||                                                                            ||
||                 Threads : 32                                               ||
||                   Level : meta-feature level                               ||
||              Paired-end : yes                                              ||
||      Multimapping reads : counted (fractional)                             ||
|| Multi-overlapping reads : not counted                                      ||
||   Min overlapping bases : 1                                                ||
||   Min overlapping frac. : 75.0% to reads                                   ||
||                                                                            ||
||          Chimeric reads : counted                                          ||
||        Both ends mapped : not required                                     ||
||                                                                            ||
\\===================== http://subread.sourceforge.net/ ======================//

//================================= Running ==================================\\
||                                                                            ||
|| Load annotation file exon.gtf ...                                          ||
||    Features : 176550                                                       ||
||    Meta-features : 35768                                                   ||
||    Chromosomes/contigs : 13                                                ||
||                                                                            ||
|| Process BAM file Slyc_T0h_P1.bam...                                        ||
||    Paired-end reads are included.                                          ||
||    Assign fragments (read pairs) to features...                            ||
||                                                                            ||
||    WARNING: reads from the same pair were found not adjacent to each       ||
||             other in the input (due to read sorting by location or         ||
||             reporting of multi-mapping read pairs).                        ||
||                                                                            ||
||    Pairing up the read pairs.                                              ||
||                                                                            ||
||    Total fragments : 20108373                                              ||
||    Successfully assigned fragments : 16113179 (80.1%)                      ||
||    Running time : 0.33 minutes                                             ||
||                                                                            ||
||               Found 155517 junctions in all the input files.               ||
||                                                                            ||
||                         Read assignment finished.                          ||
||                                                                            ||
|| Summary of counting results can be found in file "featureCounts/Slyc_T0h_  ||
|| P1_exon.tab.summary"                                                       ||
||                                                                            ||
\\===================== http://subread.sourceforge.net/ ======================//

