This is METAFONT, Version 2.71828 (Web2C 7.5.6) (base=mf 2016.4.5)  8 FEB 2018 21:49
**^.* Spersicum/
(/usr/share/texmf/fonts/source/public/levy/q.mf
! Interruption.
<to be read again> 
                   unknown
l.1 if unknown
               gen_sigma : readfrom("gen_sigma") fi
? q
OK, entering batchmode...
>> readfrom
! Isolated expression.
<to be read again> 
                   (
l.1 if unknown gen_sigma : readfrom(
                                    "gen_sigma") fi
I couldn't find an `=' or `:=' after the
expression that is shown above this error message,
so I guess I'll just ignore it and carry on.

! Extra tokens will be flushed.
<to be read again> 
                   (
l.1 if unknown gen_sigma : readfrom(
                                    "gen_sigma") fi
I've just read as much of that statement as I could fathom,
so a semicolon should have been next. It's very puzzling...
but I'll try to get myself back together, by ignoring
everything up to the next `;'. Please insert a semicolon
now in front of anything that you don't want me to delete.
(See Chapter 27 of The METAFONTbook for an example.)

>> cmchar
! Isolated expression.
<to be read again> 
                   "Lowercase chi"
l.22 cmchar "Lowercase chi"
                           ;
I couldn't find an `=' or `:=' after the
expression that is shown above this error message,
so I guess I'll just ignore it and carry on.

! Extra tokens will be flushed.
<to be read again> 
                   "Lowercase chi"
l.22 cmchar "Lowercase chi"
                           ;
I've just read as much of that statement as I could fathom,
so a semicolon should have been next. It's very puzzling...
but I'll try to get myself back together, by ignoring
everything up to the next `;'. Please insert a semicolon
now in front of anything that you don't want me to delete.
(See Chapter 27 of The METAFONTbook for an example.)

>> 10u#
! Internal quantity `charwd' must receive a known value.
<to be read again> 
                   ;
beginchar->...byte(EXPR0)else:0fi;charwd:=(EXPR1);
                                                  charht:=(EXPR2);chardp:=(E...
l.23 beginchar("q",dims)
                        ;
I can't set an internal quantity to anything but a known
numeric value, so I'll have to ignore this assignment.

>> x_height#
! Internal quantity `charht' must receive a known value.
<to be read again> 
                   ;
beginchar->...0fi;charwd:=(EXPR1);charht:=(EXPR2);
                                                  chardp:=(EXPR3);w:=hround(...
l.23 beginchar("q",dims)
                        ;
I can't set an internal quantity to anything but a known
numeric value, so I'll have to ignore this assignment.

>> desc_depth#
! Internal quantity `chardp' must receive a known value.
<to be read again> 
                   ;
beginchar->...R1);charht:=(EXPR2);chardp:=(EXPR3);
                                                  w:=hround(charwd*hppp);h:=...
l.23 beginchar("q",dims)
                        ;
I can't set an internal quantity to anything but a known
numeric value, so I'll have to ignore this assignment.

>> this_letter
! Isolated expression.
<to be read again> 
                   ;
l.24 this_letter;
                  penlabels(1,2,3,7,8); endchar;
I couldn't find an `=' or `:=' after the
expression that is shown above this error message,
so I guess I'll just ignore it and carry on.

 [113]