perl: warning: Setting locale failed.
perl: warning: Please check that your locale settings:
	LANGUAGE = (unset),
	LC_ALL = (unset),
	LC_CTYPE = "UTF-8",
	LANG = "en_US.UTF-8"
    are supported and installed on your system.
perl: warning: Falling back to a fallback locale ("en_US.UTF-8").
Started analysis of Arcanum_T0h_P1_2.fastq.gz
Approx 5% complete for Arcanum_T0h_P1_2.fastq.gz
Approx 10% complete for Arcanum_T0h_P1_2.fastq.gz
Approx 15% complete for Arcanum_T0h_P1_2.fastq.gz
Approx 20% complete for Arcanum_T0h_P1_2.fastq.gz
Approx 25% complete for Arcanum_T0h_P1_2.fastq.gz
Approx 30% complete for Arcanum_T0h_P1_2.fastq.gz
Approx 35% complete for Arcanum_T0h_P1_2.fastq.gz
Approx 40% complete for Arcanum_T0h_P1_2.fastq.gz
Approx 45% complete for Arcanum_T0h_P1_2.fastq.gz
Approx 50% complete for Arcanum_T0h_P1_2.fastq.gz
Approx 55% complete for Arcanum_T0h_P1_2.fastq.gz
Approx 60% complete for Arcanum_T0h_P1_2.fastq.gz
Approx 65% complete for Arcanum_T0h_P1_2.fastq.gz
Approx 70% complete for Arcanum_T0h_P1_2.fastq.gz
Approx 75% complete for Arcanum_T0h_P1_2.fastq.gz
Approx 80% complete for Arcanum_T0h_P1_2.fastq.gz
Approx 85% complete for Arcanum_T0h_P1_2.fastq.gz
Approx 90% complete for Arcanum_T0h_P1_2.fastq.gz
Approx 95% complete for Arcanum_T0h_P1_2.fastq.gz
Analysis complete for Arcanum_T0h_P1_2.fastq.gz

+---------------------------------------------------------------------+
|                        JOB INFORMATION                              |
+---------------------------------------------------------------------+
|
|  Date      : Tue Feb 20 14:31:14 CST 2018
|  Hostname  : node10
|  Job ID    : 148869.mazorka
|  Username  : covando
|  Group     : covando
|  Job Name  : FastQC
|  Session   : 25489
|  Limits    : mem=20gb,neednodes=1:ppn=1,nodes=1:ppn=1,vmem=20gb,walltime=08:00:00
|  Resources : cput=00:04:58,energy_used=0,mem=212960kb,vmem=2530836kb,walltime=00:05:05
|  Queue     : default
|  Exit code : 0
|
[---------------------------------------------------------------------]


